17:15:57.126 [main] INFO  api.tests.UserTests - ***************Create User***************
17:15:59.972 [main] INFO  api.tests.UserTests - ***************User Created***************
17:15:59.982 [main] INFO  api.tests.UserTests - ***************Display User Data***************
17:16:01.409 [main] INFO  api.tests.UserTests - ***************Generate User new modifiey Data***************
17:16:01.410 [main] INFO  api.tests.UserTests - ***************Modify the User Data***************
17:16:02.838 [main] INFO  api.tests.UserTests - ***************Modified User Data***************
17:16:02.838 [main] INFO  api.tests.UserTests - ***************Get the User Data Post Modification***************
17:16:04.355 [main] INFO  api.tests.UserTests - ***************Delete Existing User Data***************
17:18:32.775 [main] INFO  api.tests.UserTests - ***************Create User***************
17:18:35.415 [main] INFO  api.tests.UserTests - ***************User Created***************
17:18:35.423 [main] INFO  api.tests.UserTests - ***************Display User Data***************
17:18:37.038 [main] INFO  api.tests.UserTests - ***************Generate User new modifiey Data***************
17:18:37.040 [main] INFO  api.tests.UserTests - ***************Modify the User Data***************
17:18:38.560 [main] INFO  api.tests.UserTests - ***************Modified User Data***************
17:18:38.561 [main] INFO  api.tests.UserTests - ***************Modify the User Data***************
17:18:40.101 [main] INFO  api.tests.UserTests - ***************Delete Existing User Data***************
19:25:37.267 [main] INFO  api.tests.UserTests2 - ***************Create User***************
19:25:40.241 [main] INFO  api.tests.UserTests2 - ***************User Created***************
19:25:40.247 [main] INFO  api.tests.UserTests2 - ***************Display User Data***************
19:25:41.774 [main] INFO  api.tests.UserTests2 - ***************User Data Dispalyed***************
19:25:41.780 [main] INFO  api.tests.UserTests2 - ***************Generate User new modifiey Data***************
19:25:41.781 [main] INFO  api.tests.UserTests2 - ***************Modify the User Data***************
19:25:43.371 [main] INFO  api.tests.UserTests2 - ***************Modified User Data***************
19:25:43.371 [main] INFO  api.tests.UserTests2 - ***************Modify the User Data***************
19:25:44.915 [main] INFO  api.tests.UserTests2 - ***************Delete Existing User Data***************
19:25:52.877 [main] INFO  api.tests.UserTests2 - ***************Create User***************
19:25:55.805 [main] INFO  api.tests.UserTests2 - ***************User Created***************
19:25:55.811 [main] INFO  api.tests.UserTests2 - ***************Display User Data***************
19:25:57.413 [main] INFO  api.tests.UserTests2 - ***************Generate User new modifiey Data***************
19:25:57.414 [main] INFO  api.tests.UserTests2 - ***************Modify the User Data***************
19:25:58.970 [main] INFO  api.tests.UserTests2 - ***************Modified User Data***************
19:25:58.970 [main] INFO  api.tests.UserTests2 - ***************Modify the User Data***************
19:26:00.368 [main] INFO  api.tests.UserTests2 - ***************User Data Dispalyed Post Modification***************
19:26:00.373 [main] INFO  api.tests.UserTests2 - ***************Delete Existing User Data***************
19:26:01.903 [main] INFO  api.tests.UserTests2 - ***************Deleted User Data***************
19:38:00.924 [main] INFO  api.tests.UserTests - ***************Create User***************
19:38:03.868 [main] INFO  api.tests.UserTests - ***************User Created***************
19:38:03.878 [main] INFO  api.tests.UserTests - ***************Display User Data***************
19:38:05.469 [main] INFO  api.tests.UserTests - ***************User Data Dispalyed***************
19:38:05.471 [main] INFO  api.tests.UserTests - ***************Generate User new modifiey Data***************
19:38:05.471 [main] INFO  api.tests.UserTests - ***************Modify the User Data***************
19:38:07.003 [main] INFO  api.tests.UserTests - ***************Modified User Data***************
19:38:07.003 [main] INFO  api.tests.UserTests - ***************Modify the User Data***************
19:38:08.541 [main] INFO  api.tests.UserTests - ***************User Data Dispalyed Post Modification***************
19:38:08.541 [main] INFO  api.tests.UserTests - ***************Delete Existing User Data***************
19:38:10.079 [main] INFO  api.tests.UserTests - ***************Deleted User Data***************
19:38:52.766 [main] INFO  api.tests.UserTests - ***************Create User***************
19:38:55.589 [main] INFO  api.tests.UserTests - ***************User Created***************
19:38:55.597 [main] INFO  api.tests.UserTests - ***************Display User Data***************
19:38:57.194 [main] INFO  api.tests.UserTests - ***************Generate User new modifiey Data***************
19:38:57.194 [main] INFO  api.tests.UserTests - ***************Modify the User Data***************
19:38:58.718 [main] INFO  api.tests.UserTests - ***************Modified User Data***************
19:38:58.720 [main] INFO  api.tests.UserTests - ***************Modify the User Data***************
19:39:00.254 [main] INFO  api.tests.UserTests - ***************User Data Dispalyed Post Modification***************
19:39:00.259 [main] INFO  api.tests.UserTests - ***************Delete Existing User Data***************
19:39:01.793 [main] INFO  api.tests.UserTests - ***************Deleted User Data***************
19:39:44.013 [main] INFO  api.tests.UserTests - ***************Create User***************
19:39:47.195 [main] INFO  api.tests.UserTests - ***************User Created***************
19:39:47.209 [main] INFO  api.tests.UserTests - ***************Display User Data***************
19:39:48.807 [main] INFO  api.tests.UserTests - ***************Generate User new modifiey Data***************
19:39:48.809 [main] INFO  api.tests.UserTests - ***************Modify the User Data***************
19:39:50.328 [main] INFO  api.tests.UserTests - ***************Modified User Data***************
19:39:50.329 [main] INFO  api.tests.UserTests - ***************Modify the User Data***************
19:39:51.865 [main] INFO  api.tests.UserTests - ***************User Data Dispalyed Post Modification***************
19:39:51.867 [main] INFO  api.tests.UserTests - ***************Delete Existing User Data***************
19:39:53.403 [main] INFO  api.tests.UserTests - ***************Deleted User Data***************
19:40:06.725 [main] INFO  api.tests.UserTests - ***************Create User***************
19:40:09.625 [main] INFO  api.tests.UserTests - ***************User Created***************
19:40:09.640 [main] INFO  api.tests.UserTests - ***************Display User Data***************
19:40:11.229 [main] INFO  api.tests.UserTests - ***************Generate User new modifiey Data***************
19:40:11.230 [main] INFO  api.tests.UserTests - ***************Modify the User Data***************
19:40:12.755 [main] INFO  api.tests.UserTests - ***************Modified User Data***************
19:40:12.756 [main] INFO  api.tests.UserTests - ***************Modify the User Data***************
19:40:14.291 [main] INFO  api.tests.UserTests - ***************User Data Dispalyed Post Modification***************
19:40:14.295 [main] INFO  api.tests.UserTests - ***************Delete Existing User Data***************
19:40:15.826 [main] INFO  api.tests.UserTests - ***************Deleted User Data***************
19:40:47.620 [main] INFO  api.tests.UserTests - ***************Create User***************
19:40:50.589 [main] INFO  api.tests.UserTests - ***************User Created***************
19:40:50.600 [main] INFO  api.tests.UserTests - ***************Display User Data***************
19:40:52.079 [main] INFO  api.tests.UserTests - ***************User Data Dispalyed***************
19:40:52.083 [main] INFO  api.tests.UserTests - ***************Generate User new modifiey Data***************
19:40:52.084 [main] INFO  api.tests.UserTests - ***************Modify the User Data***************
19:40:53.540 [main] INFO  api.tests.UserTests - ***************Modified User Data***************
19:40:53.540 [main] INFO  api.tests.UserTests - ***************Modify the User Data***************
19:40:54.855 [main] INFO  api.tests.UserTests - ***************Delete Existing User Data***************
19:41:07.202 [main] INFO  api.tests.UserTests - ***************Create User***************
19:41:10.043 [main] INFO  api.tests.UserTests - ***************User Created***************
19:41:10.056 [main] INFO  api.tests.UserTests - ***************Display User Data***************
19:41:11.636 [main] INFO  api.tests.UserTests - ***************User Data Dispalyed***************
19:41:11.640 [main] INFO  api.tests.UserTests - ***************Generate User new modifiey Data***************
19:41:11.640 [main] INFO  api.tests.UserTests - ***************Modify the User Data***************
19:41:13.070 [main] INFO  api.tests.UserTests - ***************Modified User Data***************
19:41:13.070 [main] INFO  api.tests.UserTests - ***************Modify the User Data***************
19:41:14.618 [main] INFO  api.tests.UserTests - ***************Delete Existing User Data***************
19:41:27.819 [main] INFO  api.tests.UserTests - ***************Create User***************
19:41:30.527 [main] INFO  api.tests.UserTests - ***************User Created***************
19:41:30.535 [main] INFO  api.tests.UserTests - ***************Display User Data***************
19:41:32.225 [main] INFO  api.tests.UserTests - ***************Generate User new modifiey Data***************
19:41:32.225 [main] INFO  api.tests.UserTests - ***************Modify the User Data***************
19:41:33.650 [main] INFO  api.tests.UserTests - ***************Modified User Data***************
19:41:33.650 [main] INFO  api.tests.UserTests - ***************Modify the User Data***************
19:41:35.290 [main] INFO  api.tests.UserTests - ***************User Data Dispalyed Post Modification***************
19:41:35.294 [main] INFO  api.tests.UserTests - ***************Delete Existing User Data***************
19:41:36.828 [main] INFO  api.tests.UserTests - ***************Deleted User Data***************
19:41:49.644 [main] INFO  api.tests.UserTests - ***************Create User***************
19:41:52.629 [main] INFO  api.tests.UserTests - ***************User Created***************
19:41:52.639 [main] INFO  api.tests.UserTests - ***************Display User Data***************
19:41:54.235 [main] INFO  api.tests.UserTests - ***************User Data Dispalyed***************
19:41:54.238 [main] INFO  api.tests.UserTests - ***************Generate User new modifiey Data***************
19:41:54.239 [main] INFO  api.tests.UserTests - ***************Modify the User Data***************
19:41:55.668 [main] INFO  api.tests.UserTests - ***************Modified User Data***************
19:41:55.668 [main] INFO  api.tests.UserTests - ***************Modify the User Data***************
19:41:57.204 [main] INFO  api.tests.UserTests - ***************User Data Dispalyed Post Modification***************
19:41:57.207 [main] INFO  api.tests.UserTests - ***************Delete Existing User Data***************
19:41:58.740 [main] INFO  api.tests.UserTests - ***************Deleted User Data***************
19:57:26.901 [main] INFO  api.tests.UserTests - ***************Create User***************
19:57:30.222 [main] INFO  api.tests.UserTests - ***************User Created***************
19:57:30.258 [main] INFO  api.tests.UserTests - ***************Display User Data***************
19:57:34.892 [main] INFO  api.tests.UserTests - ***************User Data Dispalyed***************
19:57:34.897 [main] INFO  api.tests.UserTests - ***************Generate User new modifiey Data***************
19:57:34.897 [main] INFO  api.tests.UserTests - ***************Modify the User Data***************
19:57:36.426 [main] INFO  api.tests.UserTests - ***************Modified User Data***************
19:57:36.426 [main] INFO  api.tests.UserTests - ***************Modify the User Data***************
19:57:37.964 [main] INFO  api.tests.UserTests - ***************User Data Dispalyed Post Modification***************
19:57:37.967 [main] INFO  api.tests.UserTests - ***************Delete Existing User Data***************
19:57:39.352 [main] INFO  api.tests.UserTests - ***************Deleted User Data***************
